no oauth token found for github.com
[20:22:37] INFO     Loading the design configuration file has      config.py:716
                    generated the following warnings:                           
[20:22:37] WARNING  The configuration variable 'PL_TARGET_DENSITY' config.py:720
                    is deprecated. Please check the docs for the                
                    usage on the replacement variable                           
                    'PL_TARGET_DENSITY_PCT'.                                    
[20:22:37] WARNING  An unknown key 'STA_REPORT_POWER' was          config.py:720
                    provided.                                                   
[20:22:37] INFO     Starting a new run of the 'Classic' flow with    flow.py:628
                    the tag 'RUN_2026-05-17_20-22-37'.                          
[20:22:37] INFO     Starting…                                  sequential.py:294
[20:22:37] INFO     Skipping step 'Verilator Lint'…            sequential.py:325
────────────────────────── Lint Timing Errors Checker ──────────────────────────
[20:22:37] VERBOSE  Running 'Checker.LintTimingConstructs' at       step.py:1122
                    'runs/RUN_2026-05-17_20-22-37/01-checker-lintti             
                    mingconstructs'…                                            
[20:22:37] WARNING  The Lint Timing Errors metric was not found.  checker.py:406
                    Are you sure the relevant step was run?                     
───────────────────────────── Lint Errors Checker ──────────────────────────────
[20:22:37] VERBOSE  Running 'Checker.LintErrors' at                 step.py:1122
                    'runs/RUN_2026-05-17_20-22-37/02-checker-linter             
                    rors'…                                                      
[20:22:37] WARNING  The Lint errors metric was not found. Are you checker.py:134
                    sure the relevant step was run?                             
──────────────────────────── Lint Warnings Checker ─────────────────────────────
[20:22:37] VERBOSE  Running 'Checker.LintWarnings' at               step.py:1122
                    'runs/RUN_2026-05-17_20-22-37/03-checker-lintwa             
                    rnings'…                                                    
[20:22:37] WARNING  The Lint warnings metric was not found. Are   checker.py:134
                    you sure the relevant step was run?                         
───────────────────────────── Generate JSON Header ─────────────────────────────
[20:22:37] VERBOSE  Running 'Yosys.JsonHeader' at                   step.py:1122
                    'runs/RUN_2026-05-17_20-22-37/04-yosys-jsonhead             
                    er'…                                                        
[20:22:38] VERBOSE  Logging subprocess to                           step.py:1318
                    'runs/RUN_2026-05-17_20-22-37/04-yosys-jsonhead             
                    er/yosys-jsonheader.log'…                                   
yosys: invalid option -- 'y'                                                    
Run 'yosys -h' for help.                                                        
[20:22:38] ERROR    Subprocess had a non-zero exit.                 step.py:1364
[20:22:38] ERROR    Last 2 line(s):                                 step.py:1369
                    yosys: invalid option -- 'y'                                
                    Run 'yosys -h' for help.                                    
                                                                                
[20:22:38] ERROR    Full log file:                                  step.py:1372
                    'runs/RUN_2026-05-17_20-22-37/04-yosys-jsonhead             
                    er/yosys-jsonheader.log'                                    
Classic - Stage 5 - Generate JSON Header ━                          4/78 0:00:01
[20:22:38] WARNING  The following warnings were generated by the     flow.py:673
                    flow:                                                       
[20:22:38] WARNING  [Checker.LintTimingConstructs] The Lint Timing   flow.py:675
                    Errors metric was not found. Are you sure the               
                    relevant step was run?                                      
[20:22:38] WARNING  [Checker.LintErrors] The Lint errors metric was  flow.py:675
                    not found. Are you sure the relevant step was               
                    run?                                                        
[20:22:38] WARNING  [Checker.LintWarnings] The Lint warnings metric  flow.py:675
                    was not found. Are you sure the relevant step               
                    was run?                                                    
[20:22:38] ERROR    The following error was encountered while    __main__.py:187
                    running the flow:                                           
                    Generate JSON Header: subprocess (1,                        
                    ['yosys', '-y',                                             
                    '/usr/local/lib/python3.12/dist-packages/ope                
                    nlane/scripts/pyosys/json_header.py', '--',                 
                    '--config-in',                                              
                    '/content/design/runs/RUN_2026-05-17_20-22-3                
                    7/04-yosys-jsonheader/config.json',                         
                    '--extra-in',                                               
                    '/content/design/runs/RUN_2026-05-17_20-22-3                
                    7/04-yosys-jsonheader/extra.json',                          
                    '--output',                                                 
                    '/content/design/runs/RUN_2026-05-17_20-22-3                
                    7/04-yosys-jsonheader/compute_core.h.json'])                
                     failed                                                     
[20:22:38] ERROR    OpenLane will now quit.                      __main__.py:188
