2.26. Printing statistics.

=== compute_core ===

   Number of wires:              83653
   Number of wire bits:          95594
   Number of public wires:        1496
   Number of public wire bits:   12458
   Number of memories:               0
   Number of memory bits:            0
   Number of processes:              0
   Number of cells:              95027
     $_ANDNOT_                    2738
     $_AND_                        215
     $_AOI3_                       943
     $_AOI4_                        50
     $_DFF_PN0_                   1085
     $_DFF_PN1_                      1
     $_DFF_P_                    10816
     $_MUX_                      56428
     $_NAND_                       211
     $_NOR_                        987
     $_NOT_                      12505
     $_OAI3_                       413
     $_OAI4_                       601
     $_ORNOT_                      380
     $_OR_                        4081
     $_XNOR_                      1143
     $_XOR_                       2430

2.27. Executing CHECK pass (checking for obvious problems).
checking module compute_core..
found and reported 0 problems.
