# Yosys Synthesis Log — Key Sections
# Full log: synthesis_log.txt (52 MB)

## ABC Technology Mapping Results
ABC RESULTS:               AND cells:      217
ABC RESULTS:            ANDNOT cells:     2753
ABC RESULTS:              AOI3 cells:      947
ABC RESULTS:              AOI4 cells:       50
ABC RESULTS:               MUX cells:    56428
ABC RESULTS:              NAND cells:      218
ABC RESULTS:               NOR cells:      989
ABC RESULTS:               NOT cells:    12509
ABC RESULTS:              OAI3 cells:      413
ABC RESULTS:              OAI4 cells:      601
ABC RESULTS:                OR cells:     4100
ABC RESULTS:             ORNOT cells:      380
ABC RESULTS:              XNOR cells:     1143
ABC RESULTS:               XOR cells:     2430
ABC RESULTS:        internal signals:    62515
ABC RESULTS:           input signals:    12194
ABC RESULTS:          output signals:    11901

## FSM Extraction
  Information on FSM $fsm$\state$7731 (\state):

  Number of input signals:    5
  Number of output signals:   6
  Number of state bits:       6

  Input signals:
    0: \start
    1: $eq$src/compute_core.v:154$312_Y
    2: $eq$src/compute_core.v:168$355_Y
    3: $eq$src/compute_core.v:171$356_Y
    4: $eq$src/compute_core.v:183$360_Y

  Output signals:
    0: $procmux$1001_CMP
    1: $procmux$1101_CMP
    2: $procmux$6852_CMP
    3: $procmux$6883_CMP
    4: $auto$share.cc:976:make_cell_activation_logic$7683
    5: $procmux$6992_CMP

  State encoding:
    0:   6'-----1  <RESET STATE>
    1:   6'----1-
    2:   6'---1--
    3:   6'--1---
    4:   6'-1----
    5:   6'1-----

  Transition Table (state_in, ctrl_in, state_out, ctrl_out):
      0:     0 5'----0   ->     0 6'000001
      1:     0 5'----1   ->     3 6'000001
      2:     1 5'0----   ->     1 6'000100
      3:     1 5'1----   ->     4 6'000100
      4:     2 5'---0-   ->     2 6'010000
      5:     2 5'---1-   ->     5 6'010000
      6:     3 5'-----   ->     2 6'001000
      7:     4 5'-----   ->     0 6'100000
      8:     5 5'-11--   ->     1 6'000010
      9:     5 5'--0--   ->     3 6'000010
     10:     5 5'-01--   ->     3 6'000010

## Final Cell Statistics
2.26. Printing statistics.

=== compute_core ===

   Number of wires:              83653
   Number of wire bits:          95594
   Number of public wires:        1496
   Number of public wire bits:   12458
   Number of memories:               0
   Number of memory bits:            0
   Number of processes:              0
   Number of cells:              95027
     $_ANDNOT_                    2738
     $_AND_                        215
     $_AOI3_                       943
     $_AOI4_                        50
     $_DFF_PN0_                   1085
     $_DFF_PN1_                      1
     $_DFF_P_                    10816
     $_MUX_                      56428
     $_NAND_                       211
     $_NOR_                        987
     $_NOT_                      12505
     $_OAI3_                       413
     $_OAI4_                       601
     $_ORNOT_                      380
     $_OR_                        4081
     $_XNOR_                      1143
     $_XOR_                       2430

2.27. Executing CHECK pass (checking for obvious problems).
checking module compute_core..
found and reported 0 problems.

## Memory Mapping
Mapping memory cell \weight_mem in module \compute_core:
  created 1352 $dff cells and 0 static cells of width 8.
  read interface: 0 $dff and 16376 $mux cells.
  write interface: 1352 write mux blocks.

2.20. Executing OPT pass (performing simple optimizations).
